<?xml version="1.0" encoding="utf-8"?><testsuites><testsuite name="pytest" errors="0" failures="0" skipped="4" tests="73" time="398.985" timestamp="2021-12-13T12:14:59.324393" hostname="NAS"><testcase classname="tests.unittest.test_analog_signals.analog_signal_test" name="test_initialization" time="0.046" /><testcase classname="tests.unittest.test_analog_signals.analog_signal_test" name="test_evaluate" time="0.049" /><testcase classname="tests.unittest.test_analog_signals.analog_signal_test" name="test_evaluate_offset" time="0.050" /><testcase classname="tests.unittest.test_analog_signals.analog_signal_test" name="test_properties" time="0.043" /><testcase classname="tests.unittest.test_analog_signals.analog_signal_test" name="test_symbolic" time="0.052" /><testcase classname="tests.unittest.test_analog_signals.clock_test" name="test_clock_numeric" time="0.092" /><testcase classname="tests.unittest.test_analog_signals.impulse_responses_test" name="test_step_response" time="0.148" /><testcase classname="tests.unittest.test_analog_signals.sincpulse_signal_test" name="test_initialization" time="0.031" /><testcase classname="tests.unittest.test_analog_signals.impulse_responses_test" name="test_RC_impulse_response" time="0.560" /><testcase classname="tests.unittest.test_analog_signals.sincpulse_signal_test" name="test_evaluate_multiple" time="0.001"><skipped type="pytest.skip" message="Somehow precision issues with since? This is a bug that should be resolved ASAP.">/home/hammal/cbadc/tests/unittest/test_analog_signals/sincpulse_signal_test.py:16: Somehow precision issues with since? This is a bug that should be resolved ASAP.</skipped></testcase><testcase classname="tests.unittest.test_analog_signals.sincpulse_signal_test" name="test_evaluate_with_offset" time="0.001"><skipped type="pytest.skip" message="Somehow precision issues with since? This is a bug that should be resolved ASAP.">/home/hammal/cbadc/tests/unittest/test_analog_signals/sincpulse_signal_test.py:41: Somehow precision issues with since? This is a bug that should be resolved ASAP.</skipped></testcase><testcase classname="tests.unittest.test_analog_signals.sincpulse_signal_test" name="test_properties" time="0.001"><skipped type="pytest.skip" message="Somehow precision issues with since? This is a bug that should be resolved ASAP.">/home/hammal/cbadc/tests/unittest/test_analog_signals/sincpulse_signal_test.py:63: Somehow precision issues with since? This is a bug that should be resolved ASAP.</skipped></testcase><testcase classname="tests.unittest.test_analog_signals.sincpulse_signal_test" name="test_symbolic" time="0.001"><skipped type="pytest.skip" message="Somehow precision issues with since? This is a bug that should be resolved ASAP.">/home/hammal/cbadc/tests/unittest/test_analog_signals/sincpulse_signal_test.py:78: Somehow precision issues with since? This is a bug that should be resolved ASAP.</skipped></testcase><testcase classname="tests.unittest.test_analog_signals.sinusoidal_signal_test" name="test_initialization" time="0.029" /><testcase classname="tests.unittest.test_analog_signals.sinusoidal_signal_test" name="test_evaluate" time="0.031" /><testcase classname="tests.unittest.test_analog_signals.sinusoidal_signal_test" name="test_evaluate_with_offset_and_phase" time="0.031" /><testcase classname="tests.unittest.test_analog_signals.sinusoidal_signal_test" name="test_properties" time="0.029" /><testcase classname="tests.unittest.test_analog_signals.sinusoidal_signal_test" name="test_symbolic" time="0.544" /><testcase classname="tests.unittest.test_analog_system.constructor_test" name="test_correct_initialization" time="0.047" /><testcase classname="tests.unittest.test_analog_system.constructor_test" name="test_non_square_system_matrix" time="0.036" /><testcase classname="tests.unittest.test_analog_system.constructor_test" name="test_wrong_n_B" time="0.040" /><testcase classname="tests.unittest.test_analog_system.constructor_test" name="test_chain_of_integrators_fixture" time="0.049" /><testcase classname="tests.unittest.test_analog_system.constructor_test" name="test_wrong_n_C" time="0.043" /><testcase classname="tests.unittest.test_analog_system.constructor_test" name="test_wrong_n_Gamma" time="0.036" /><testcase classname="tests.unittest.test_analog_system.constructor_test" name="test_wrong_n_Gamma_tilde" time="0.037" /><testcase classname="tests.unittest.test_analog_system.filter_test" name="test_Butterworth" time="0.038" /><testcase classname="tests.unittest.test_analog_system.derivative_test" name="test_derivative" time="0.041" /><testcase classname="tests.unittest.test_analog_system.filter_test" name="test_ButterWorth_transferfunction" time="9.934" /><testcase classname="tests.unittest.test_analog_system.filter_test" name="test_ChebyshevI" time="0.047" /><testcase classname="tests.unittest.test_analog_system.filter_test" name="test_ChebyshevI_transferfunction" time="2.953" /><testcase classname="tests.unittest.test_analog_system.filter_test" name="test_ChebyshevII" time="0.047" /><testcase classname="tests.unittest.test_analog_system.filter_test" name="test_ChebyshevII_transferfunction" time="24.365" /><testcase classname="tests.unittest.test_analog_system.filter_test" name="test_Cauer" time="0.048" /><testcase classname="tests.unittest.test_analog_system.filter_test" name="test_Cauer_transferfunction" time="28.334" /><testcase classname="tests.unittest.test_analog_system.state_space_transfomration_test" name="test_sos2abcd" time="0.028" /><testcase classname="tests.unittest.test_analog_system.state_space_transfomration_test" name="test_zpk2abcd_single_pole" time="0.042" /><testcase classname="tests.unittest.test_analog_system.state_space_transfomration_test" name="test_zpk2abcd_double_pole" time="0.072" /><testcase classname="tests.unittest.test_analog_system.state_space_transfomration_test" name="test_tf2abcd" time="0.031" /><testcase classname="tests.unittest.test_analog_system.state_space_transfomration_test" name="test_chain" time="0.058" /><testcase classname="tests.unittest.test_analog_system.state_space_transfomration_test" name="test_stack" time="0.057" /><testcase classname="tests.unittest.test_analog_system.sympy_test" name="test_homogenous_equations" time="0.857" /><testcase classname="tests.unittest.test_analog_system.transfer_functions_test" name="test_transfer_function" time="3.854" /><testcase classname="tests.unittest.test_digital_control.digital_control_test" name="test_initialization" time="0.032" /><testcase classname="tests.unittest.test_digital_control.digital_control_test" name="test_evaluate" time="0.032" /><testcase classname="tests.unittest.test_digital_control.digital_control_test" name="test_control_signal" time="0.034" /><testcase classname="tests.unittest.test_digital_estimator.FIR_filter_test" name="test_write_C_header" time="6.508" /><testcase classname="tests.unittest.test_digital_estimator.FIR_filter_test" name="test_fixed_point" time="244.596" /><testcase classname="tests.unittest.test_digital_estimator.FIR_filter_test" name="test_write_C_header_with_fixed_point" time="6.155" /><testcase classname="tests.unittest.test_digital_estimator.digital_estimator_test" name="test_initialization" time="38.512" /><testcase classname="tests.unittest.test_digital_estimator.digital_estimator_test" name="test_estimation" time="39.111" /><testcase classname="tests.unittest.test_digital_estimator.digital_estimator_test" name="test_batch_iterations" time="43.916" /><testcase classname="tests.unittest.test_digital_estimator.digital_estimator_test" name="test_estimation_simulator" time="42.270" /><testcase classname="tests.unittest.test_digital_estimator.digital_estimator_test" name="test_ntf" time="45.092" /><testcase classname="tests.unittest.test_digital_estimator.digital_estimator_test" name="test_stf" time="49.948" /><testcase classname="tests.unittest.test_offline_computations.care_test" name="test_care" time="0.133" /><testcase classname="tests.unittest.test_offline_computations.care_test" name="test_brute_force_care" time="1.257" /><testcase classname="tests.unittest.test_offline_computations.parallel_coefficients_test" name="test_diagonal_elements_of_parallel_version" time="0.067" /><testcase classname="tests.unittest.test_simulator.analytical_simulator_test" name="test_initialization" time="21.053" /><testcase classname="tests.unittest.test_simulator.analytical_simulator_test" name="test_iterator" time="29.393" /><testcase classname="tests.unittest.test_simulator.analytical_simulator_test" name="test_LeapFrog_type_system" time="67.482" /><testcase classname="tests.unittest.test_simulator.analytical_simulator_test" name="test_switch_cap_control_system" time="24.571" /><testcase classname="tests.unittest.test_simulator.analytical_simulator_test" name="test_switch_cap_control_system_with_delay" time="29.966" /><testcase classname="tests.unittest.test_simulator.analytical_simulator_test" name="test_analytical_vs_numerical_pre_computations" time="222.119" /><testcase classname="tests.unittest.test_simulator.mpmah_simulator_test" name="test_initialization" time="1.219" /><testcase classname="tests.unittest.test_simulator.mpmah_simulator_test" name="test_iterator" time="191.717" /><testcase classname="tests.unittest.test_simulator.mpmah_simulator_test" name="test_LeapFrog_type_system" time="292.414" /><testcase classname="tests.unittest.test_simulator.mpmah_simulator_test" name="test_switch_cap_control_system" time="301.614" /><testcase classname="tests.unittest.test_simulator.mpmah_simulator_test" name="test_switch_cap_control_system_with_delay" time="321.455" /><testcase classname="tests.unittest.test_simulator.mpmah_simulator_test" name="test_analytical_vs_numerical_pre_computations" time="204.954" /><testcase classname="tests.unittest.test_simulator.simulator_test" name="test_initialization" time="0.170" /><testcase classname="tests.unittest.test_simulator.simulator_test" name="test_iterator" time="3.512" /><testcase classname="tests.unittest.test_simulator.simulator_test" name="test_pre_and_non_pre_computations" time="13.574" /><testcase classname="tests.unittest.test_simulator.simulator_test" name="test_Ts_multiple_of_T" time="0.086" /></testsuite></testsuites>