<?xml version="1.0" encoding="utf-8"?><testsuites><testsuite name="pytest" errors="1" failures="0" skipped="0" tests="1" time="1.946" timestamp="2022-04-28T13:17:06.657183" hostname="Hampuss-MBP"><testcase classname="" name="tests.unittest.test_synthesis" time="0.000"><error message="collection failure">import file mismatch:
imported module 'tests.unittest.test_synthesis' has this __file__ attribute:
  /Users/hammal/Projects/cbadc/tests/unittest/test_synthesis
which is not the same as the test file we want to collect:
  /Users/hammal/Projects/cbadc/tests/unittest/test_synthesis.py
HINT: remove __pycache__ / .pyc files and/or use a unique basename for your test file modules</error></testcase></testsuite></testsuites>
