<?xml version="1.0" encoding="utf-8"?><testsuites><testsuite name="pytest" errors="0" failures="0" skipped="0" tests="12" time="10.465" timestamp="2021-12-13T12:14:45.025618" hostname="NAS"><testcase classname="src.cbadc.specification" name="cbadc.specification.get_chain_of_integrator" time="0.015" /><testcase classname="src.cbadc.specification" name="cbadc.specification.get_leap_frog" time="0.007" /><testcase classname="src.cbadc.utilities" name="cbadc.utilities.byte_stream_2_control_signal" time="0.002" /><testcase classname="src.cbadc.analog_signal.constant_signal" name="cbadc.analog_signal.constant_signal.ConstantSignal" time="0.001" /><testcase classname="src.cbadc.analog_signal.sinc_pulse" name="cbadc.analog_signal.sinc_pulse.SincPulse" time="0.001" /><testcase classname="src.cbadc.analog_signal.sinusoidal" name="cbadc.analog_signal.sinusoidal.Sinusoidal" time="0.001" /><testcase classname="src.cbadc.analog_system.analog_system" name="cbadc.analog_system.analog_system.AnalogSystem" time="0.002" /><testcase classname="src.cbadc.analog_system.chain_of_integrators" name="cbadc.analog_system.chain_of_integrators.ChainOfIntegrators" time="0.003" /><testcase classname="src.cbadc.analog_system.filters" name="cbadc.analog_system.filters.IIRDesign" time="7.989" /><testcase classname="src.cbadc.analog_system.leap_frog" name="cbadc.analog_system.leap_frog.LeapFrog" time="0.006" /><testcase classname="src.cbadc.digital_control.digital_control" name="cbadc.digital_control.digital_control.DigitalControl" time="0.002" /><testcase classname="src.cbadc.digital_control.digital_control" name="cbadc.digital_control.digital_control.DigitalControl.control_signal" time="0.002" /></testsuite></testsuites>